<?xml version="1.0" encoding="UTF-8"?>
<testsuites name="User login" time="13.434" tests="3" failures="0" errors="0">
   <testsuite name="User login" tests="3" failures="0" errors="0" time="13.434" skipped="0" timestamp="29-11-2024T09:40:24" hostname="enigma - enigma-ThinkPad-L480" id="Test Suites/User login">
      <properties>
         <property name="deviceName" value=""/>
         <property name="devicePlatform"/>
         <property name="logFolder" value="/home/enigma/Katalon Studio/testing-app-web/Reports/20241129_094015/User login/20241129_094016"/>
         <property name="logFiles" value="/home/enigma/Katalon Studio/testing-app-web/Reports/20241129_094015/User login/20241129_094016/execution0.log"/>
         <property name="attachments" value=""/>
         <property name="hostName" value="enigma - enigma-ThinkPad-L480"/>
         <property name="os" value="Linux 64bit"/>
         <property name="katalonVersion" value="10.0.0.223"/>
         <property name="browser" value="Chrome 130.0.0.0"/>
         <property name="hostAddress" value="127.0.1.1"/>
         <property name="sessionId" value="3c10cd830d99b730e3876d12bb21f11b"/>
         <property name="seleniumVersion" value="4.22.0"/>
         <property name="proxyInformation" value="ProxyInformation { proxyOption=NO_PROXY, proxyServerType=HTTP, username=, password=********, proxyServerAddress=, proxyServerPort=0, executionList=&quot;&quot;, isApplyToDesiredCapabilities=true }"/>
         <property name="platform" value="Linux"/>
      </properties>
      <testcase name="Test Cases/Open App" time="8.771" classname="Test Cases/Open App" status="PASSED">
         <system-out><![CDATA[29-11-2024T09:40:24 - [TEST_CASE][PASSED] - Test Cases/Open App: Test Cases/Open App

29-11-2024T09:40:24 - [TEST_STEP][PASSED] - openBrowser(""): Browser is opened with url: ''

29-11-2024T09:40:25 - [MESSAGE][INFO] - Starting 'Chrome' driver

29-11-2024T09:40:25 - [MESSAGE][INFO] - Action delay is set to 0 milliseconds

29-11-2024T09:40:27 - [MESSAGE][PASSED] - Browser is opened with url: ''

29-11-2024T09:40:27 - [TEST_STEP][PASSED] - navigateToUrl(BASE_URL): Navigate to 'https://dev.premium.enigmacamp.com/' successfully

29-11-2024T09:40:33 - [MESSAGE][PASSED] - Navigate to 'https://dev.premium.enigmacamp.com/' successfully]]></system-out>
         <system-err><![CDATA[]]></system-err>
      </testcase>
      <testcase name="Test Cases/Button Login" time="0.633" classname="Test Cases/Button Login" status="PASSED">
         <system-out><![CDATA[29-11-2024T09:40:33 - [TEST_CASE][PASSED] - Test Cases/Button Login: Test Cases/Button Login

29-11-2024T09:40:33 - [TEST_STEP][PASSED] - click(findTestObject("Page_Premium Class/button_Login")): Object: 'Object Repository/Page_Premium Class/button_Login' is clicked on

29-11-2024T09:40:33 - [MESSAGE][PASSED] - Object: 'Object Repository/Page_Premium Class/button_Login' is clicked on]]></system-out>
         <system-err><![CDATA[]]></system-err>
      </testcase>
      <testcase name="Test Cases/Login" time="3.828" classname="Test Cases/Login" status="PASSED">
         <system-out><![CDATA[29-11-2024T09:40:33 - [TEST_CASE][PASSED] - Test Cases/Login: Test Cases/Login

29-11-2024T09:40:34 - [TEST_STEP][PASSED] - loginData = findTestData("Data Files/User Login"): null

29-11-2024T09:40:34 - [TEST_STEP][PASSED] - for ([i = 1, i <= loginData.getRowNumbers(), (i++)]): Text 'Admin123' is set on object 'Object Repository/Login Page/Page_Premium Class/input_Password_password'

29-11-2024T09:40:34 - [TEST_STEP][PASSED] - email = loginData.getValue("email", i): null

29-11-2024T09:40:34 - [TEST_STEP][PASSED] - password = loginData.getValue("password", i): null

29-11-2024T09:40:34 - [TEST_STEP][PASSED] - setText(findTestObject("Login Page/Page_Premium Class/input_Email_email"), email): Text 'umifarida98@gmail.com' is set on object 'Object Repository/Login Page/Page_Premium Class/input_Email_email'

29-11-2024T09:40:34 - [MESSAGE][PASSED] - Text 'umifarida98@gmail.com' is set on object 'Object Repository/Login Page/Page_Premium Class/input_Email_email'

29-11-2024T09:40:34 - [TEST_STEP][PASSED] - setText(findTestObject("Login Page/Page_Premium Class/input_Password_password"), password): Text 'SayaGanteng1!' is set on object 'Object Repository/Login Page/Page_Premium Class/input_Password_password'

29-11-2024T09:40:35 - [MESSAGE][PASSED] - Text 'SayaGanteng1!' is set on object 'Object Repository/Login Page/Page_Premium Class/input_Password_password'

29-11-2024T09:40:35 - [TEST_STEP][PASSED] - email = loginData.getValue("email", i): null

29-11-2024T09:40:35 - [TEST_STEP][PASSED] - password = loginData.getValue("password", i): null

29-11-2024T09:40:35 - [TEST_STEP][PASSED] - setText(findTestObject("Login Page/Page_Premium Class/input_Email_email"), email): Text 'user.test@enigmacamp.com' is set on object 'Object Repository/Login Page/Page_Premium Class/input_Email_email'

29-11-2024T09:40:36 - [MESSAGE][PASSED] - Text 'user.test@enigmacamp.com' is set on object 'Object Repository/Login Page/Page_Premium Class/input_Email_email'

29-11-2024T09:40:36 - [TEST_STEP][PASSED] - setText(findTestObject("Login Page/Page_Premium Class/input_Password_password"), password): Text 'Admin123' is set on object 'Object Repository/Login Page/Page_Premium Class/input_Password_password'

29-11-2024T09:40:37 - [MESSAGE][PASSED] - Text 'Admin123' is set on object 'Object Repository/Login Page/Page_Premium Class/input_Password_password'

29-11-2024T09:40:37 - [TEST_STEP][PASSED] - click(findTestObject("Login Page/Page_Premium Class/button_Login")): Object: 'Object Repository/Login Page/Page_Premium Class/button_Login' is clicked on

29-11-2024T09:40:37 - [MESSAGE][PASSED] - Object: 'Object Repository/Login Page/Page_Premium Class/button_Login' is clicked on]]></system-out>
         <system-err><![CDATA[]]></system-err>
      </testcase>
      <system-out><![CDATA[29-11-2024T09:40:24 - [TEST_SUITE][PASSED] - User login: Test Cases/Login]]></system-out>
      <system-err><![CDATA[]]></system-err>
   </testsuite>
</testsuites>
